<?xml version="1.0" encoding="UTF-8"?>
<testng-results skipped="0" failed="0" total="1" passed="1">
  <reporter-output>
  </reporter-output>
  <suite name="Suite" duration-ms="17708" started-at="2018-04-21T08:57:41Z" finished-at="2018-04-21T08:57:59Z">
    <groups>
    </groups>
    <test name="Test" duration-ms="17708" started-at="2018-04-21T08:57:41Z" finished-at="2018-04-21T08:57:59Z">
      <class name="Testcases.login">
        <test-method status="PASS" signature="validLogin()[pri:0, instance:Testcases.login@153acfe]" name="validLogin" duration-ms="17676" started-at="2018-04-21T14:27:41Z" finished-at="2018-04-21T14:27:59Z">
          <reporter-output>
          </reporter-output>
        </test-method> <!-- validLogin -->
      </class> <!-- Testcases.login -->
    </test> <!-- Test -->
  </suite> <!-- Suite -->
</testng-results>
